<?xml version="1.0" encoding="UTF-8"?>
<!-- Generated by org.testng.reporters.JUnitReportReporter -->
<testsuite hostname="DESKTOP-F7SHF1O" failures="0" tests="1" name="com.webshop.tests.Tests" time="50.040" errors="0" timestamp="2023-02-15T19:16:27 IST" skipped="0">
  <testcase classname="com.webshop.tests.Tests" name="checkoutProduct" time="50.040"/>
</testsuite> <!-- com.webshop.tests.Tests -->
